output of below command while parallel build is running
while true; do ps x -o rss,command | egrep "make|ocamlc|coqc|opam|bash" | cut -c1-7 | paste -sd'+' - | bc && sleep 2 ; done
Maximum is 13 GB, so one should have at least 16 GB RAM

2756804
3757300
6378292
6351320
5853276
6165100
6682984
8578104
7062748
9039936
8219764
7553988
8180044
7845700
6784564
6344656
6996880
5931904
6082356
4457888
5003648
2872272
3885472
4275020
2532444
3769808
3721988
3665072
3180320
1091536
938064
756548
776192
794700
816368
840636
899984
692416
1197016
1183512
3218704
3658612
2976640
2864248
2060560
4236592
5780336
6400704
5280320
3431040
2320248
1760120
1319104
1381576
1139020
1986420
3048704
2629172
2027296
1364464
1252628
1325276
1290892
1742972
1892212
2436168
2433256
2415544
1912952
2463680
1971316
1397044
1435964
1512516
1944840
2106912
2297080
1659136
1765380
1956608
2036384
2095680
2137672
2171184
2215520
2256272
2272080
2288316
2336280
2362300
2390380
2423600
2434668
2447204
2238500
2265492
2285024
2306716
2334504
2365980
2399060
2412456
2422712
2424216
1642540
2191548
2419472
2590208
2822000
2958928
2980680
2632332
2800804
2973264
3064396
3104836
3221708
3341776
3239000
2841860
3816056
3857356
3890724
3922444
3582940
3887392
4137676
4363644
4373304
4056660
4307816
4246040
6332472
6600316
6066796
6204644
6341324
5968368
6129768
6232832
6353532
6363420
5786964
5885064
5920076
5954512
5884280
5960456
5983688
6005292
6025348
6044996
4722816
4754764
4263492
4303732
4316524
4349548
3726920
3739096
3757120
4024380
4058332
4080980
4114848
3574592
3614712
3643036
3659184
3706872
3720992
3735628
3763928
3778172
3787968
3793580
4110552
4239420
4263396
4288664
4316796
4350308
2473296
1947036
1962028
1362656
1359668
1359668
1359688
1359668
1359668
1359668
1359668
1359668
1359668
1359668
1359668
1359668
1359668
1359668
1359704
1359668
1359668
1359688
1359688
1359668
1359688
1359688
1359668
1359688
1359668
1359668
1359668
1359668
1359668
1359668
1359668
1359668
1359688
1359668
1359668
1359668
1359668
1359668
1359668
1359668
1359668
1359668
1359668
1359668
1359668
1359668
1361520
1361520
1361524
1361524
1361536
1361556
1361556
1361556
1361568
1361596
1362492
1363264
1363292
1363292
1363292
1363292
1363292
1363312
1363292
401684
800844
801312
801740
802208
802668
803104
803648
804128
804564
804992
805428
805872
806288
806712
807164
807620
809460
809900
810368
810816
811260
811692
812184
812612
813048
813500
813952
814384
814804
815216
815656
816048
873824
920436
970992
979808
990792
804700
867408
918520
990452
1049120
1116516
1151980
1242348
1244420
1308256
1379572
1409692
1427304
1436892
1437468
1437920
1438448
1439024
783964
786980
789644
794004
858464
863004
870188
874096
879936
892520
917164
925192
936916
942368
1013372
1083644
1129376
1129812
1130244
1130660
1131112
1131524
1131928
1132316
1132768
1133180
1133580
1133992
1134400
1134808
1135252
1135676
1136136
1166984
1268732
1297460
1297448
1297448
1297448
1297448
1297448
1297448
1297448
1297448
1297468
1297448
1297448
1297448
1297448
1297448
1297448
1297448
1297448
1297468
1297448
1297448
1297468
1297460
1297448
809944
1436824
1406180
1559068
1645948
509176
1454440
2060964
2149852
2248692
1673372
1756884
1774620
1775232
924052
941940
942528
943120
943640
954528
1002680
1431840
1447512
894528
958416
984012
781388
1383232
1014648
252136
856136
867628
883796
827032
860220
870552
876456
894380
904888
912072
919708
924260
930024
935108
943564
951316
957516
962292
969076
977880
982776
986524
990368
995824
1010436
852920
1668120
902128
859228
1341536
871888
891156
899512
907168
914540
619872
875660
892080
908168
4166668
3014800
2564432
3116344
2775916
2848380
2659828
2877704
2293864
2167316
2183928
2219420
2211772
2258276
2287744
2328556
1069796
3125024
1370720
1739032
2886176
2283240
2332108
3491812
3509884
3681200
3828456
3209440
2295740
2311724
2332172
1154524
1609100
1643676
1270516
5382956
10244900
10416004
10380560
10675780
10761592
10180452
10867396
8879400
10795268
11017836
11095828
10602140
10455028
10786196
10252052
10984008
11095496
10482856
10356904
10509632
11095516
11202468
11315008
11445032
11547240
11642100
11708288
10584268
11395996
11720448
11713592
11490948
11730428
11808872
11851368
11901496
11553580
11393852
11872612
11747796
12029932
11715688
11624640
10857528
11663656
11901780
11947348
12032940
10678128
10796984
10896964
11568076
10930924
10980184
10256716
9579588
9622388
8843240
8883756
8933600
8988280
9022848
9059340
9108292
9157660
9238236
9857892
11608896
11898724
11953256
12000596
12044540
12088080
12125972
12167568
12200124
12247248
12291988
12335344
12376704
12424048
12472288
11859924
12459048
12551740
11896960
12525856
12618472
12666372
12697780
12745632
12811104
12890644
12984616
13086724
13157040
11494796
12193712
12300196
12343976
10693200
10739308
10777240
9794048
9859752
9932040
9988228
10029056
10070584
10112820
9245548
8434972
8493364
8527360
8555580
7671116
7708824
7738920
7775592
7806100
6820700
6872596
6902768
4984404
5049280
5073352
4174956
4198932
4219140
4245472
4273928
4303604
4327972
4359052
4378520
4388128
4397712
4405080
4420308
4427552
4430272
3388124
3397700
3407752
3441340
3462792
3501332
3543572
3587384
3608732
2502716
2532204
2533596
2537296
2538096
2543612
2547888
2550536
2553600
2558784
1384120
1384120
1384120
1384120
1384120
1384120
1384120
1384120
1384140
1384120
1384124
1384144
1384124
1384124
1384124
1384124
1384124
1384124
1384124
1384124
1384124
1384124
1384128
1384128
1384148
1384128
1384132
1384136
1384160
1384168
1384152
1384172
1384200
1384200
1384264
1384208
1384208
1386868
1393324
1397616
1404492
1415820
239332
234344
251300
241756
234292
255192
229792
222372
222264
222404
6944
6944
6944
7860